[0913/174301.554:ERROR:process_reader_win.cc(123)] NtOpenThread: {Access Denied} A process has requested access to an object, but has not been granted those access rights. (0xc0000022)
[0913/174301.975:ERROR:exception_snapshot_win.cc(99)] thread ID 15128 not found in process
[0913/174301.975:ERROR:scoped_process_suspend.cc(40)] NtResumeProcess: An attempt was made to access an exiting process. (0xc000010a)
[0922/210120.117:ERROR:process_memory_win.cc(73)] ReadMemory at 0x7ff6099a0000 of 64 bytes failed: Only part of a ReadProcessMemory or WriteProcessMemory request was completed. (0x12B)
[0922/210120.226:WARNING:pe_image_reader.cc(340)] could not read dos header from C:\Program Files (x86)\Google\Chrome\Application\chrome.exe
[0922/210120.226:ERROR:process_memory_win.cc(73)] ReadMemory at 0x7ffa06480000 of 64 bytes failed: Only part of a ReadProcessMemory or WriteProcessMemory request was completed. (0x12B)
[0922/210120.226:WARNING:pe_image_reader.cc(340)] could not read dos header from C:\WINDOWS\SYSTEM32\ntdll.dll
[0922/210120.226:ERROR:process_memory_win.cc(73)] ReadMemory at 0x7ffa05190000 of 64 bytes failed: Only part of a ReadProcessMemory or WriteProcessMemory request was completed. (0x12B)
[0922/210120.226:WARNING:pe_image_reader.cc(340)] could not read dos header from C:\WINDOWS\System32\KERNEL32.DLL
[0922/210120.226:ERROR:process_memory_win.cc(73)] ReadMemory at 0x7ffa03a00000 of 64 bytes failed: Only part of a ReadProcessMemory or WriteProcessMemory request was completed. (0x12B)
[0922/210120.226:WARNING:pe_image_reader.cc(340)] could not read dos header from C:\WINDOWS\System32\KERNELBASE.dll
[0922/210120.226:ERROR:process_memory_win.cc(73)] ReadMemory at 0x7ff9d8330000 of 64 bytes failed: Only part of a ReadProcessMemory or WriteProcessMemory request was completed. (0x12B)
[0922/210120.226:WARNING:pe_image_reader.cc(340)] could not read dos header from C:\Program Files (x86)\Google\Chrome\Application\85.0.4183.102\chrome_elf.dll
[0922/210120.226:ERROR:process_memory_win.cc(73)] ReadMemory at 0x7ff9fbff0000 of 64 bytes failed: Only part of a ReadProcessMemory or WriteProcessMemory request was completed. (0x12B)
[0922/210120.226:WARNING:pe_image_reader.cc(340)] could not read dos header from C:\WINDOWS\SYSTEM32\VERSION.dll
[0922/210120.226:ERROR:process_memory_win.cc(73)] ReadMemory at 0x7ffa050c0000 of 64 bytes failed: Only part of a ReadProcessMemory or WriteProcessMemory request was completed. (0x12B)
[0922/210120.226:WARNING:pe_image_reader.cc(340)] could not read dos header from C:\WINDOWS\System32\msvcrt.dll
[0922/210120.226:ERROR:process_memory_win.cc(73)] ReadMemory at 0x7ffa034c0000 of 64 bytes failed: Only part of a ReadProcessMemory or WriteProcessMemory request was completed. (0x12B)
[0922/210120.226:WARNING:pe_image_reader.cc(340)] could not read dos header from C:\WINDOWS\System32\bcryptPrimitives.dll
[0922/210120.226:ERROR:process_memory_win.cc(73)] ReadMemory at 0x7ffa048a0000 of 64 bytes failed: Only part of a ReadProcessMemory or WriteProcessMemory request was completed. (0x12B)
[0922/210120.226:WARNING:pe_image_reader.cc(340)] could not read dos header from C:\WINDOWS\System32\ADVAPI32.dll
[0922/210120.226:ERROR:process_memory_win.cc(73)] ReadMemory at 0x7ffa05ed0000 of 64 bytes failed: Only part of a ReadProcessMemory or WriteProcessMemory request was completed. (0x12B)
[0922/210120.226:WARNING:pe_image_reader.cc(340)] could not read dos header from C:\WINDOWS\System32\sechost.dll
[0922/210120.226:ERROR:process_memory_win.cc(73)] ReadMemory at 0x7ffa05400000 of 64 bytes failed: Only part of a ReadProcessMemory or WriteProcessMemory request was completed. (0x12B)
[0922/210120.226:WARNING:pe_image_reader.cc(340)] could not read dos header from C:\WINDOWS\System32\RPCRT4.dll
[0922/210120.226:ERROR:process_memory_win.cc(73)] ReadMemory at 0x7ff9af1d0000 of 64 bytes failed: Only part of a ReadProcessMemory or WriteProcessMemory request was completed. (0x12B)
[0922/210120.226:WARNING:pe_image_reader.cc(340)] could not read dos header from C:\Program Files (x86)\Google\Chrome\Application\85.0.4183.102\chrome.dll
[0922/210120.226:ERROR:process_memory_win.cc(73)] ReadMemory at 0x7ffa05e40000 of 64 bytes failed: Only part of a ReadProcessMemory or WriteProcessMemory request was completed. (0x12B)
[0922/210120.226:WARNING:pe_image_reader.cc(340)] could not read dos header from C:\WINDOWS\System32\WS2_32.dll
[0922/210120.226:ERROR:process_memory_win.cc(73)] ReadMemory at 0x7ffa06130000 of 64 bytes failed: Only part of a ReadProcessMemory or WriteProcessMemory request was completed. (0x12B)
[0922/210120.226:WARNING:pe_image_reader.cc(340)] could not read dos header from C:\WINDOWS\System32\OLEAUT32.dll
[0922/210120.226:ERROR:process_memory_win.cc(73)] ReadMemory at 0x7ffa03960000 of 64 bytes failed: Only part of a ReadProcessMemory or WriteProcessMemory request was completed. (0x12B)
[0922/210120.226:WARNING:pe_image_reader.cc(340)] could not read dos header from C:\WINDOWS\System32\msvcp_win.dll
[0922/210120.226:ERROR:process_memory_win.cc(73)] ReadMemory at 0x7ffa03cb0000 of 64 bytes failed: Only part of a ReadProcessMemory or WriteProcessMemory request was completed. (0x12B)
[0922/210120.226:WARNING:pe_image_reader.cc(340)] could not read dos header from C:\WINDOWS\System32\ucrtbase.dll
[0922/210120.226:ERROR:process_memory_win.cc(73)] ReadMemory at 0x7ffa04530000 of 64 bytes failed: Only part of a ReadProcessMemory or WriteProcessMemory request was completed. (0x12B)
[0922/210120.226:WARNING:pe_image_reader.cc(340)] could not read dos header from C:\WINDOWS\System32\combase.dll
[0922/210120.226:ERROR:process_memory_win.cc(73)] ReadMemory at 0x7ffa03410000 of 64 bytes failed: Only part of a ReadProcessMemory or WriteProcessMemory request was completed. (0x12B)
[0922/210120.226:WARNING:pe_image_reader.cc(340)] could not read dos header from C:\WINDOWS\System32\WINTRUST.dll
[0922/210120.226:ERROR:process_memory_win.cc(73)] ReadMemory at 0x7ffa033f0000 of 64 bytes failed: Only part of a ReadProcessMemory or WriteProcessMemory request was completed. (0x12B)
[0922/210120.226:WARNING:pe_image_reader.cc(340)] could not read dos header from C:\WINDOWS\System32\MSASN1.dll
[0922/210120.226:ERROR:process_memory_win.cc(73)] ReadMemory at 0x7ffa035f0000 of 64 bytes failed: Only part of a ReadProcessMemory or WriteProcessMemory request was completed. (0x12B)
[0922/210120.226:WARNING:pe_image_reader.cc(340)] could not read dos header from C:\WINDOWS\System32\CRYPT32.dll
[0922/210120.226:ERROR:process_memory_win.cc(73)] ReadMemory at 0x7ffa02840000 of 64 bytes failed: Only part of a ReadProcessMemory or WriteProcessMemory request was completed. (0x12B)
[0922/210120.226:WARNING:pe_image_reader.cc(340)] could not read dos header from C:\WINDOWS\SYSTEM32\IPHLPAPI.DLL
[0922/210120.226:ERROR:process_memory_win.cc(73)] ReadMemory at 0x7ffa00850000 of 64 bytes failed: Only part of a ReadProcessMemory or WriteProcessMemory request was completed. (0x12B)
[0922/210120.226:WARNING:pe_image_reader.cc(340)] could not read dos header from C:\WINDOWS\SYSTEM32\WINMM.dll
[0922/210120.226:ERROR:process_memory_win.cc(73)] ReadMemory at 0x7ff9e22b0000 of 64 bytes failed: Only part of a ReadProcessMemory or WriteProcessMemory request was completed. (0x12B)
[0922/210120.226:WARNING:pe_image_reader.cc(340)] could not read dos header from C:\WINDOWS\SYSTEM32\UIAutomationCore.DLL
[0922/210120.226:ERROR:process_memory_win.cc(73)] ReadMemory at 0x7ff9f2480000 of 64 bytes failed: Only part of a ReadProcessMemory or WriteProcessMemory request was completed. (0x12B)
[0922/210120.226:WARNING:pe_image_reader.cc(340)] could not read dos header from C:\WINDOWS\SYSTEM32\Secur32.dll
[0922/210120.226:ERROR:process_memory_win.cc(73)] ReadMemory at 0x7ffa03260000 of 64 bytes failed: Only part of a ReadProcessMemory or WriteProcessMemory request was completed. (0x12B)
[0922/210120.226:WARNING:pe_image_reader.cc(340)] could not read dos header from C:\WINDOWS\SYSTEM32\USERENV.dll
[0922/210120.226:ERROR:process_memory_win.cc(73)] ReadMemory at 0x7ffa033c0000 of 64 bytes failed: Only part of a ReadProcessMemory or WriteProcessMemory request was completed. (0x12B)
[0922/210120.226:WARNING:pe_image_reader.cc(340)] could not read dos header from C:\WINDOWS\System32\profapi.dll
[0922/210120.226:ERROR:process_memory_win.cc(73)] ReadMemory at 0x7ff9f3f60000 of 64 bytes failed: Only part of a ReadProcessMemory or WriteProcessMemory request was completed. (0x12B)
[0922/210120.226:WARNING:pe_image_reader.cc(340)] could not read dos header from C:\WINDOWS\SYSTEM32\DWrite.dll
[0922/210120.226:ERROR:process_memory_win.cc(73)] ReadMemory at 0x7ff9f7f40000 of 64 bytes failed: Only part of a ReadProcessMemory or WriteProcessMemory request was completed. (0x12B)
[0922/210120.226:WARNING:pe_image_reader.cc(340)] could not read dos header from C:\WINDOWS\SYSTEM32\WINSPOOL.DRV
[0922/210120.226:ERROR:process_memory_win.cc(73)] ReadMemory at 0x7ffa03350000 of 64 bytes failed: Only part of a ReadProcessMemory or WriteProcessMemory request was completed. (0x12B)
[0922/210120.226:WARNING:pe_image_reader.cc(340)] could not read dos header from C:\WINDOWS\System32\kernel.appcore.dll
[0922/210120.226:ERROR:process_memory_win.cc(73)] ReadMemory at 0x7ffa03740000 of 64 bytes failed: Only part of a ReadProcessMemory or WriteProcessMemory request was completed. (0x12B)
[0922/210120.226:WARNING:pe_image_reader.cc(340)] could not read dos header from C:\WINDOWS\System32\bcrypt.dll
[0922/210120.226:ERROR:process_memory_win.cc(73)] ReadMemory at 0x7ff9f6350000 of 64 bytes failed: Only part of a ReadProcessMemory or WriteProcessMemory request was completed. (0x12B)
[0922/210120.226:WARNING:pe_image_reader.cc(340)] could not read dos header from C:\WINDOWS\SYSTEM32\dbghelp.dll
[0922/210120.226:ERROR:process_memory_win.cc(73)] ReadMemory at 0x7ff9f8f30000 of 64 bytes failed: Only part of a ReadProcessMemory or WriteProcessMemory request was completed. (0x12B)
[0922/210120.226:WARNING:pe_image_reader.cc(340)] could not read dos header from C:\WINDOWS\SYSTEM32\WINHTTP.dll
[0922/210120.226:ERROR:process_memory_win.cc(73)] ReadMemory at 0x7ff9fbb90000 of 64 bytes failed: Only part of a ReadProcessMemory or WriteProcessMemory request was completed. (0x12B)
[0922/210120.226:WARNING:pe_image_reader.cc(340)] could not read dos header from C:\WINDOWS\SYSTEM32\dhcpcsvc.DLL
[0922/210120.226:ERROR:process_memory_win.cc(73)] ReadMemory at 0x1b986830000 of 64 bytes failed: Only part of a ReadProcessMemory or WriteProcessMemory request was completed. (0x12B)
[0922/210120.226:WARNING:pe_image_reader.cc(340)] could not read dos header from C:\WINDOWS\System32\NSI.dll
[0922/210120.226:ERROR:process_memory_win.cc(73)] ReadMemory at 0x7ffa00820000 of 64 bytes failed: Only part of a ReadProcessMemory or WriteProcessMemory request was completed. (0x12B)
[0922/210120.226:WARNING:pe_image_reader.cc(340)] could not read dos header from C:\WINDOWS\SYSTEM32\WINMMBASE.dll
[0922/210120.226:ERROR:process_memory_win.cc(73)] ReadMemory at 0x7ffa03770000 of 64 bytes failed: Only part of a ReadProcessMemory or WriteProcessMemory request was completed. (0x12B)
[0922/210120.226:WARNING:pe_image_reader.cc(340)] could not read dos header from C:\WINDOWS\System32\cfgmgr32.dll
[0922/210120.226:ERROR:process_memory_win.cc(73)] ReadMemory at 0x7ff9ffcd0000 of 64 bytes failed: Only part of a ReadProcessMemory or WriteProcessMemory request was completed. (0x12B)
[0922/210120.226:WARNING:pe_image_reader.cc(340)] could not read dos header from C:\WINDOWS\SYSTEM32\PROPSYS.dll
[0922/210120.226:ERROR:process_memory_win.cc(73)] ReadMemory at 0x7ffa05350000 of 64 bytes failed: Only part of a ReadProcessMemory or WriteProcessMemory request was completed. (0x12B)
[0922/210120.226:WARNING:pe_image_reader.cc(340)] could not read dos header from C:\WINDOWS\System32\shcore.dll
[0922/210120.226:ERROR:process_memory_win.cc(73)] ReadMemory at 0x7ffa03220000 of 64 bytes failed: Only part of a ReadProcessMemory or WriteProcessMemory request was completed. (0x12B)
[0922/210120.226:WARNING:pe_image_reader.cc(340)] could not read dos header from C:\WINDOWS\SYSTEM32\SSPICLI.DLL
[0922/210120.226:ERROR:process_memory_win.cc(73)] ReadMemory at 0x7ffa02d00000 of 64 bytes failed: Only part of a ReadProcessMemory or WriteProcessMemory request was completed. (0x12B)
[0922/210120.226:WARNING:pe_image_reader.cc(340)] could not read dos header from C:\WINDOWS\SYSTEM32\CRYPTBASE.DLL
[0922/210120.398:ERROR:process_memory_win.cc(73)] ReadMemory at 0x7ff6099a0000 of 64 bytes failed: Only part of a ReadProcessMemory or WriteProcessMemory request was completed. (0x12B)
[0922/210120.398:WARNING:pe_image_reader.cc(340)] could not read dos header from C:\Program Files (x86)\Google\Chrome\Application\chrome.exe
[0922/210120.398:ERROR:process_memory_win.cc(73)] ReadMemory at 0x7ffa06480000 of 64 bytes failed: Only part of a ReadProcessMemory or WriteProcessMemory request was completed. (0x12B)
[0922/210120.398:WARNING:pe_image_reader.cc(340)] could not read dos header from C:\WINDOWS\SYSTEM32\ntdll.dll
[0922/210120.398:ERROR:process_memory_win.cc(73)] ReadMemory at 0x7ffa05190000 of 64 bytes failed: Only part of a ReadProcessMemory or WriteProcessMemory request was completed. (0x12B)
[0922/210120.398:WARNING:pe_image_reader.cc(340)] could not read dos header from C:\WINDOWS\System32\KERNEL32.DLL
[0922/210120.398:ERROR:process_memory_win.cc(73)] ReadMemory at 0x7ffa03a00000 of 64 bytes failed: Only part of a ReadProcessMemory or WriteProcessMemory request was completed. (0x12B)
[0922/210120.398:WARNING:pe_image_reader.cc(340)] could not read dos header from C:\WINDOWS\System32\KERNELBASE.dll
[0922/210120.398:ERROR:process_memory_win.cc(73)] ReadMemory at 0x7ff9d8330000 of 64 bytes failed: Only part of a ReadProcessMemory or WriteProcessMemory request was completed. (0x12B)
[0922/210120.398:WARNING:pe_image_reader.cc(340)] could not read dos header from C:\Program Files (x86)\Google\Chrome\Application\85.0.4183.102\chrome_elf.dll
[0922/210120.398:ERROR:process_memory_win.cc(73)] ReadMemory at 0x7ff9fbff0000 of 64 bytes failed: Only part of a ReadProcessMemory or WriteProcessMemory request was completed. (0x12B)
[0922/210120.398:WARNING:pe_image_reader.cc(340)] could not read dos header from C:\WINDOWS\SYSTEM32\VERSION.dll
[0922/210120.398:ERROR:process_memory_win.cc(73)] ReadMemory at 0x7ffa050c0000 of 64 bytes failed: Only part of a ReadProcessMemory or WriteProcessMemory request was completed. (0x12B)
[0922/210120.398:WARNING:pe_image_reader.cc(340)] could not read dos header from C:\WINDOWS\System32\msvcrt.dll
[0922/210120.398:ERROR:process_memory_win.cc(73)] ReadMemory at 0x7ffa034c0000 of 64 bytes failed: Only part of a ReadProcessMemory or WriteProcessMemory request was completed. (0x12B)
[0922/210120.398:WARNING:pe_image_reader.cc(340)] could not read dos header from C:\WINDOWS\System32\bcryptPrimitives.dll
[0922/210120.398:ERROR:process_memory_win.cc(73)] ReadMemory at 0x7ffa048a0000 of 64 bytes failed: Only part of a ReadProcessMemory or WriteProcessMemory request was completed. (0x12B)
[0922/210120.398:WARNING:pe_image_reader.cc(340)] could not read dos header from C:\WINDOWS\System32\ADVAPI32.dll
[0922/210120.398:ERROR:process_memory_win.cc(73)] ReadMemory at 0x7ffa05ed0000 of 64 bytes failed: Only part of a ReadProcessMemory or WriteProcessMemory request was completed. (0x12B)
[0922/210120.398:WARNING:pe_image_reader.cc(340)] could not read dos header from C:\WINDOWS\System32\sechost.dll
[0922/210120.398:ERROR:process_memory_win.cc(73)] ReadMemory at 0x7ffa05400000 of 64 bytes failed: Only part of a ReadProcessMemory or WriteProcessMemory request was completed. (0x12B)
[0922/210120.398:WARNING:pe_image_reader.cc(340)] could not read dos header from C:\WINDOWS\System32\RPCRT4.dll
[0922/210120.398:ERROR:process_memory_win.cc(73)] ReadMemory at 0x7ff9af1d0000 of 64 bytes failed: Only part of a ReadProcessMemory or WriteProcessMemory request was completed. (0x12B)
[0922/210120.398:WARNING:pe_image_reader.cc(340)] could not read dos header from C:\Program Files (x86)\Google\Chrome\Application\85.0.4183.102\chrome.dll
[0922/210120.414:ERROR:process_memory_win.cc(73)] ReadMemory at 0x7ffa05e40000 of 64 bytes failed: Only part of a ReadProcessMemory or WriteProcessMemory request was completed. (0x12B)
[0922/210120.414:WARNING:pe_image_reader.cc(340)] could not read dos header from C:\WINDOWS\System32\WS2_32.dll
[0922/210120.414:ERROR:process_memory_win.cc(73)] ReadMemory at 0x7ffa06130000 of 64 bytes failed: Only part of a ReadProcessMemory or WriteProcessMemory request was completed. (0x12B)
[0922/210120.414:WARNING:pe_image_reader.cc(340)] could not read dos header from C:\WINDOWS\System32\OLEAUT32.dll
[0922/210120.414:ERROR:process_memory_win.cc(73)] ReadMemory at 0x7ffa03960000 of 64 bytes failed: Only part of a ReadProcessMemory or WriteProcessMemory request was completed. (0x12B)
[0922/210120.414:WARNING:pe_image_reader.cc(340)] could not read dos header from C:\WINDOWS\System32\msvcp_win.dll
[0922/210120.414:ERROR:process_memory_win.cc(73)] ReadMemory at 0x7ffa03cb0000 of 64 bytes failed: Only part of a ReadProcessMemory or WriteProcessMemory request was completed. (0x12B)
[0922/210120.414:WARNING:pe_image_reader.cc(340)] could not read dos header from C:\WINDOWS\System32\ucrtbase.dll
[0922/210120.414:ERROR:process_memory_win.cc(73)] ReadMemory at 0x7ffa04530000 of 64 bytes failed: Only part of a ReadProcessMemory or WriteProcessMemory request was completed. (0x12B)
[0922/210120.414:WARNING:pe_image_reader.cc(340)] could not read dos header from C:\WINDOWS\System32\combase.dll
[0922/210120.414:ERROR:process_memory_win.cc(73)] ReadMemory at 0x7ffa03410000 of 64 bytes failed: Only part of a ReadProcessMemory or WriteProcessMemory request was completed. (0x12B)
[0922/210120.414:WARNING:pe_image_reader.cc(340)] could not read dos header from C:\WINDOWS\System32\WINTRUST.dll
[0922/210120.414:ERROR:process_memory_win.cc(73)] ReadMemory at 0x7ffa033f0000 of 64 bytes failed: Only part of a ReadProcessMemory or WriteProcessMemory request was completed. (0x12B)
[0922/210120.414:WARNING:pe_image_reader.cc(340)] could not read dos header from C:\WINDOWS\System32\MSASN1.dll
[0922/210120.414:ERROR:process_memory_win.cc(73)] ReadMemory at 0x7ffa035f0000 of 64 bytes failed: Only part of a ReadProcessMemory or WriteProcessMemory request was completed. (0x12B)
[0922/210120.414:WARNING:pe_image_reader.cc(340)] could not read dos header from C:\WINDOWS\System32\CRYPT32.dll
[0922/210120.414:ERROR:process_memory_win.cc(73)] ReadMemory at 0x7ffa02840000 of 64 bytes failed: Only part of a ReadProcessMemory or WriteProcessMemory request was completed. (0x12B)
[0922/210120.414:WARNING:pe_image_reader.cc(340)] could not read dos header from C:\WINDOWS\SYSTEM32\IPHLPAPI.DLL
[0922/210120.414:ERROR:process_memory_win.cc(73)] ReadMemory at 0x7ffa00850000 of 64 bytes failed: Only part of a ReadProcessMemory or WriteProcessMemory request was completed. (0x12B)
[0922/210120.414:WARNING:pe_image_reader.cc(340)] could not read dos header from C:\WINDOWS\SYSTEM32\WINMM.dll
[0922/210120.414:ERROR:process_memory_win.cc(73)] ReadMemory at 0x7ff9e22b0000 of 64 bytes failed: Only part of a ReadProcessMemory or WriteProcessMemory request was completed. (0x12B)
[0922/210120.414:WARNING:pe_image_reader.cc(340)] could not read dos header from C:\WINDOWS\SYSTEM32\UIAutomationCore.DLL
[0922/210120.414:ERROR:process_memory_win.cc(73)] ReadMemory at 0x7ff9f2480000 of 64 bytes failed: Only part of a ReadProcessMemory or WriteProcessMemory request was completed. (0x12B)
[0922/210120.414:WARNING:pe_image_reader.cc(340)] could not read dos header from C:\WINDOWS\SYSTEM32\Secur32.dll
[0922/210120.414:ERROR:process_memory_win.cc(73)] ReadMemory at 0x7ffa03260000 of 64 bytes failed: Only part of a ReadProcessMemory or WriteProcessMemory request was completed. (0x12B)
[0922/210120.414:WARNING:pe_image_reader.cc(340)] could not read dos header from C:\WINDOWS\SYSTEM32\USERENV.dll
[0922/210120.414:ERROR:process_memory_win.cc(73)] ReadMemory at 0x7ffa033c0000 of 64 bytes failed: Only part of a ReadProcessMemory or WriteProcessMemory request was completed. (0x12B)
[0922/210120.414:WARNING:pe_image_reader.cc(340)] could not read dos header from C:\WINDOWS\System32\profapi.dll
[0922/210120.414:ERROR:process_memory_win.cc(73)] ReadMemory at 0x7ff9f3f60000 of 64 bytes failed: Only part of a ReadProcessMemory or WriteProcessMemory request was completed. (0x12B)
[0922/210120.414:WARNING:pe_image_reader.cc(340)] could not read dos header from C:\WINDOWS\SYSTEM32\DWrite.dll
[0922/210120.414:ERROR:process_memory_win.cc(73)] ReadMemory at 0x7ff9f7f40000 of 64 bytes failed: Only part of a ReadProcessMemory or WriteProcessMemory request was completed. (0x12B)
[0922/210120.414:WARNING:pe_image_reader.cc(340)] could not read dos header from C:\WINDOWS\SYSTEM32\WINSPOOL.DRV
[0922/210120.414:ERROR:process_memory_win.cc(73)] ReadMemory at 0x7ffa03350000 of 64 bytes failed: Only part of a ReadProcessMemory or WriteProcessMemory request was completed. (0x12B)
[0922/210120.414:WARNING:pe_image_reader.cc(340)] could not read dos header from C:\WINDOWS\System32\kernel.appcore.dll
[0922/210120.414:ERROR:process_memory_win.cc(73)] ReadMemory at 0x7ffa03740000 of 64 bytes failed: Only part of a ReadProcessMemory or WriteProcessMemory request was completed. (0x12B)
[0922/210120.414:WARNING:pe_image_reader.cc(340)] could not read dos header from C:\WINDOWS\System32\bcrypt.dll
[0922/210120.414:ERROR:process_memory_win.cc(73)] ReadMemory at 0x7ff9f6350000 of 64 bytes failed: Only part of a ReadProcessMemory or WriteProcessMemory request was completed. (0x12B)
[0922/210120.414:WARNING:pe_image_reader.cc(340)] could not read dos header from C:\WINDOWS\SYSTEM32\dbghelp.dll
[0922/210120.414:ERROR:process_memory_win.cc(73)] ReadMemory at 0x7ff9f8f30000 of 64 bytes failed: Only part of a ReadProcessMemory or WriteProcessMemory request was completed. (0x12B)
[0922/210120.414:WARNING:pe_image_reader.cc(340)] could not read dos header from C:\WINDOWS\SYSTEM32\WINHTTP.dll
[0922/210120.414:ERROR:process_memory_win.cc(73)] ReadMemory at 0x7ff9fbb90000 of 64 bytes failed: Only part of a ReadProcessMemory or WriteProcessMemory request was completed. (0x12B)
[0922/210120.414:WARNING:pe_image_reader.cc(340)] could not read dos header from C:\WINDOWS\SYSTEM32\dhcpcsvc.DLL
[0922/210120.414:ERROR:process_memory_win.cc(73)] ReadMemory at 0x1b986830000 of 64 bytes failed: Only part of a ReadProcessMemory or WriteProcessMemory request was completed. (0x12B)
[0922/210120.414:WARNING:pe_image_reader.cc(340)] could not read dos header from C:\WINDOWS\System32\NSI.dll
[0922/210120.414:ERROR:process_memory_win.cc(73)] ReadMemory at 0x7ffa00820000 of 64 bytes failed: Only part of a ReadProcessMemory or WriteProcessMemory request was completed. (0x12B)
[0922/210120.414:WARNING:pe_image_reader.cc(340)] could not read dos header from C:\WINDOWS\SYSTEM32\WINMMBASE.dll
[0922/210120.414:ERROR:process_memory_win.cc(73)] ReadMemory at 0x7ffa03770000 of 64 bytes failed: Only part of a ReadProcessMemory or WriteProcessMemory request was completed. (0x12B)
[0922/210120.414:WARNING:pe_image_reader.cc(340)] could not read dos header from C:\WINDOWS\System32\cfgmgr32.dll
[0922/210120.414:ERROR:process_memory_win.cc(73)] ReadMemory at 0x7ff9ffcd0000 of 64 bytes failed: Only part of a ReadProcessMemory or WriteProcessMemory request was completed. (0x12B)
[0922/210120.414:WARNING:pe_image_reader.cc(340)] could not read dos header from C:\WINDOWS\SYSTEM32\PROPSYS.dll
[0922/210120.414:ERROR:process_memory_win.cc(73)] ReadMemory at 0x7ffa05350000 of 64 bytes failed: Only part of a ReadProcessMemory or WriteProcessMemory request was completed. (0x12B)
[0922/210120.414:WARNING:pe_image_reader.cc(340)] could not read dos header from C:\WINDOWS\System32\shcore.dll
[0922/210120.414:ERROR:process_memory_win.cc(73)] ReadMemory at 0x7ffa03220000 of 64 bytes failed: Only part of a ReadProcessMemory or WriteProcessMemory request was completed. (0x12B)
[0922/210120.414:WARNING:pe_image_reader.cc(340)] could not read dos header from C:\WINDOWS\SYSTEM32\SSPICLI.DLL
[0922/210120.414:ERROR:process_memory_win.cc(73)] ReadMemory at 0x7ffa02d00000 of 64 bytes failed: Only part of a ReadProcessMemory or WriteProcessMemory request was completed. (0x12B)
[0922/210120.414:WARNING:pe_image_reader.cc(340)] could not read dos header from C:\WINDOWS\SYSTEM32\CRYPTBASE.DLL
[0922/210120.414:ERROR:process_memory_win.cc(73)] ReadMemory at 0x7ff6099a0000 of 64 bytes failed: Only part of a ReadProcessMemory or WriteProcessMemory request was completed. (0x12B)
[0922/210120.414:WARNING:pe_image_reader.cc(340)] could not read dos header from C:\Program Files (x86)\Google\Chrome\Application\chrome.exe
[0922/210120.414:ERROR:process_memory_win.cc(73)] ReadMemory at 0x7ffa06480000 of 64 bytes failed: Only part of a ReadProcessMemory or WriteProcessMemory request was completed. (0x12B)
[0922/210120.414:WARNING:pe_image_reader.cc(340)] could not read dos header from C:\WINDOWS\SYSTEM32\ntdll.dll
[0922/210120.414:ERROR:process_memory_win.cc(73)] ReadMemory at 0x7ffa05190000 of 64 bytes failed: Only part of a ReadProcessMemory or WriteProcessMemory request was completed. (0x12B)
[0922/210120.414:WARNING:pe_image_reader.cc(340)] could not read dos header from C:\WINDOWS\System32\KERNEL32.DLL
[0922/210120.414:ERROR:process_memory_win.cc(73)] ReadMemory at 0x7ffa03a00000 of 64 bytes failed: Only part of a ReadProcessMemory or WriteProcessMemory request was completed. (0x12B)
[0922/210120.414:WARNING:pe_image_reader.cc(340)] could not read dos header from C:\WINDOWS\System32\KERNELBASE.dll
[0922/210120.414:ERROR:process_memory_win.cc(73)] ReadMemory at 0x7ff9d8330000 of 64 bytes failed: Only part of a ReadProcessMemory or WriteProcessMemory request was completed. (0x12B)
[0922/210120.414:WARNING:pe_image_reader.cc(340)] could not read dos header from C:\Program Files (x86)\Google\Chrome\Application\85.0.4183.102\chrome_elf.dll
[0922/210120.414:ERROR:process_memory_win.cc(73)] ReadMemory at 0x7ff9fbff0000 of 64 bytes failed: Only part of a ReadProcessMemory or WriteProcessMemory request was completed. (0x12B)
[0922/210120.414:WARNING:pe_image_reader.cc(340)] could not read dos header from C:\WINDOWS\SYSTEM32\VERSION.dll
[0922/210120.414:ERROR:process_memory_win.cc(73)] ReadMemory at 0x7ffa050c0000 of 64 bytes failed: Only part of a ReadProcessMemory or WriteProcessMemory request was completed. (0x12B)
[0922/210120.414:WARNING:pe_image_reader.cc(340)] could not read dos header from C:\WINDOWS\System32\msvcrt.dll
[0922/210120.414:ERROR:process_memory_win.cc(73)] ReadMemory at 0x7ffa034c0000 of 64 bytes failed: Only part of a ReadProcessMemory or WriteProcessMemory request was completed. (0x12B)
[0922/210120.414:WARNING:pe_image_reader.cc(340)] could not read dos header from C:\WINDOWS\System32\bcryptPrimitives.dll
[0922/210120.414:ERROR:process_memory_win.cc(73)] ReadMemory at 0x7ffa048a0000 of 64 bytes failed: Only part of a ReadProcessMemory or WriteProcessMemory request was completed. (0x12B)
[0922/210120.414:WARNING:pe_image_reader.cc(340)] could not read dos header from C:\WINDOWS\System32\ADVAPI32.dll
[0922/210120.414:ERROR:process_memory_win.cc(73)] ReadMemory at 0x7ffa05ed0000 of 64 bytes failed: Only part of a ReadProcessMemory or WriteProcessMemory request was completed. (0x12B)
[0922/210120.414:WARNING:pe_image_reader.cc(340)] could not read dos header from C:\WINDOWS\System32\sechost.dll
[0922/210120.414:ERROR:process_memory_win.cc(73)] ReadMemory at 0x7ffa05400000 of 64 bytes failed: Only part of a ReadProcessMemory or WriteProcessMemory request was completed. (0x12B)
[0922/210120.414:WARNING:pe_image_reader.cc(340)] could not read dos header from C:\WINDOWS\System32\RPCRT4.dll
[0922/210120.414:ERROR:process_memory_win.cc(73)] ReadMemory at 0x7ff9af1d0000 of 64 bytes failed: Only part of a ReadProcessMemory or WriteProcessMemory request was completed. (0x12B)
[0922/210120.414:WARNING:pe_image_reader.cc(340)] could not read dos header from C:\Program Files (x86)\Google\Chrome\Application\85.0.4183.102\chrome.dll
[0922/210120.414:ERROR:process_memory_win.cc(73)] ReadMemory at 0x7ffa05e40000 of 64 bytes failed: Only part of a ReadProcessMemory or WriteProcessMemory request was completed. (0x12B)
[0922/210120.414:WARNING:pe_image_reader.cc(340)] could not read dos header from C:\WINDOWS\System32\WS2_32.dll
[0922/210120.414:ERROR:process_memory_win.cc(73)] ReadMemory at 0x7ffa06130000 of 64 bytes failed: Only part of a ReadProcessMemory or WriteProcessMemory request was completed. (0x12B)
[0922/210120.414:WARNING:pe_image_reader.cc(340)] could not read dos header from C:\WINDOWS\System32\OLEAUT32.dll
[0922/210120.414:ERROR:process_memory_win.cc(73)] ReadMemory at 0x7ffa03960000 of 64 bytes failed: Only part of a ReadProcessMemory or WriteProcessMemory request was completed. (0x12B)
[0922/210120.414:WARNING:pe_image_reader.cc(340)] could not read dos header from C:\WINDOWS\System32\msvcp_win.dll
[0922/210120.414:ERROR:process_memory_win.cc(73)] ReadMemory at 0x7ffa03cb0000 of 64 bytes failed: Only part of a ReadProcessMemory or WriteProcessMemory request was completed. (0x12B)
[0922/210120.414:WARNING:pe_image_reader.cc(340)] could not read dos header from C:\WINDOWS\System32\ucrtbase.dll
[0922/210120.414:ERROR:process_memory_win.cc(73)] ReadMemory at 0x7ffa04530000 of 64 bytes failed: Only part of a ReadProcessMemory or WriteProcessMemory request was completed. (0x12B)
[0922/210120.414:WARNING:pe_image_reader.cc(340)] could not read dos header from C:\WINDOWS\System32\combase.dll
[0922/210120.414:ERROR:process_memory_win.cc(73)] ReadMemory at 0x7ffa03410000 of 64 bytes failed: Only part of a ReadProcessMemory or WriteProcessMemory request was completed. (0x12B)
[0922/210120.414:WARNING:pe_image_reader.cc(340)] could not read dos header from C:\WINDOWS\System32\WINTRUST.dll
[0922/210120.414:ERROR:process_memory_win.cc(73)] ReadMemory at 0x7ffa033f0000 of 64 bytes failed: Only part of a ReadProcessMemory or WriteProcessMemory request was completed. (0x12B)
[0922/210120.414:WARNING:pe_image_reader.cc(340)] could not read dos header from C:\WINDOWS\System32\MSASN1.dll
[0922/210120.414:ERROR:process_memory_win.cc(73)] ReadMemory at 0x7ffa035f0000 of 64 bytes failed: Only part of a ReadProcessMemory or WriteProcessMemory request was completed. (0x12B)
[0922/210120.414:WARNING:pe_image_reader.cc(340)] could not read dos header from C:\WINDOWS\System32\CRYPT32.dll
[0922/210120.414:ERROR:process_memory_win.cc(73)] ReadMemory at 0x7ffa02840000 of 64 bytes failed: Only part of a ReadProcessMemory or WriteProcessMemory request was completed. (0x12B)
[0922/210120.414:WARNING:pe_image_reader.cc(340)] could not read dos header from C:\WINDOWS\SYSTEM32\IPHLPAPI.DLL
[0922/210120.414:ERROR:process_memory_win.cc(73)] ReadMemory at 0x7ffa00850000 of 64 bytes failed: Only part of a ReadProcessMemory or WriteProcessMemory request was completed. (0x12B)
[0922/210120.414:WARNING:pe_image_reader.cc(340)] could not read dos header from C:\WINDOWS\SYSTEM32\WINMM.dll
[0922/210120.414:ERROR:process_memory_win.cc(73)] ReadMemory at 0x7ff9e22b0000 of 64 bytes failed: Only part of a ReadProcessMemory or WriteProcessMemory request was completed. (0x12B)
[0922/210120.414:WARNING:pe_image_reader.cc(340)] could not read dos header from C:\WINDOWS\SYSTEM32\UIAutomationCore.DLL
[0922/210120.414:ERROR:process_memory_win.cc(73)] ReadMemory at 0x7ff9f2480000 of 64 bytes failed: Only part of a ReadProcessMemory or WriteProcessMemory request was completed. (0x12B)
[0922/210120.414:WARNING:pe_image_reader.cc(340)] could not read dos header from C:\WINDOWS\SYSTEM32\Secur32.dll
[0922/210120.414:ERROR:process_memory_win.cc(73)] ReadMemory at 0x7ffa03260000 of 64 bytes failed: Only part of a ReadProcessMemory or WriteProcessMemory request was completed. (0x12B)
[0922/210120.414:WARNING:pe_image_reader.cc(340)] could not read dos header from C:\WINDOWS\SYSTEM32\USERENV.dll
[0922/210120.414:ERROR:process_memory_win.cc(73)] ReadMemory at 0x7ffa033c0000 of 64 bytes failed: Only part of a ReadProcessMemory or WriteProcessMemory request was completed. (0x12B)
[0922/210120.414:WARNING:pe_image_reader.cc(340)] could not read dos header from C:\WINDOWS\System32\profapi.dll
[0922/210120.414:ERROR:process_memory_win.cc(73)] ReadMemory at 0x7ff9f3f60000 of 64 bytes failed: Only part of a ReadProcessMemory or WriteProcessMemory request was completed. (0x12B)
[0922/210120.414:WARNING:pe_image_reader.cc(340)] could not read dos header from C:\WINDOWS\SYSTEM32\DWrite.dll
[0922/210120.414:ERROR:process_memory_win.cc(73)] ReadMemory at 0x7ff9f7f40000 of 64 bytes failed: Only part of a ReadProcessMemory or WriteProcessMemory request was completed. (0x12B)
[0922/210120.414:WARNING:pe_image_reader.cc(340)] could not read dos header from C:\WINDOWS\SYSTEM32\WINSPOOL.DRV
[0922/210120.414:ERROR:process_memory_win.cc(73)] ReadMemory at 0x7ffa03350000 of 64 bytes failed: Only part of a ReadProcessMemory or WriteProcessMemory request was completed. (0x12B)
[0922/210120.414:WARNING:pe_image_reader.cc(340)] could not read dos header from C:\WINDOWS\System32\kernel.appcore.dll
[0922/210120.414:ERROR:process_memory_win.cc(73)] ReadMemory at 0x7ffa03740000 of 64 bytes failed: Only part of a ReadProcessMemory or WriteProcessMemory request was completed. (0x12B)
[0922/210120.414:WARNING:pe_image_reader.cc(340)] could not read dos header from C:\WINDOWS\System32\bcrypt.dll
[0922/210120.414:ERROR:process_memory_win.cc(73)] ReadMemory at 0x7ff9f6350000 of 64 bytes failed: Only part of a ReadProcessMemory or WriteProcessMemory request was completed. (0x12B)
[0922/210120.414:WARNING:pe_image_reader.cc(340)] could not read dos header from C:\WINDOWS\SYSTEM32\dbghelp.dll
[0922/210120.414:ERROR:process_memory_win.cc(73)] ReadMemory at 0x7ff9f8f30000 of 64 bytes failed: Only part of a ReadProcessMemory or WriteProcessMemory request was completed. (0x12B)
[0922/210120.414:WARNING:pe_image_reader.cc(340)] could not read dos header from C:\WINDOWS\SYSTEM32\WINHTTP.dll
[0922/210120.414:ERROR:process_memory_win.cc(73)] ReadMemory at 0x7ff9fbb90000 of 64 bytes failed: Only part of a ReadProcessMemory or WriteProcessMemory request was completed. (0x12B)
[0922/210120.414:WARNING:pe_image_reader.cc(340)] could not read dos header from C:\WINDOWS\SYSTEM32\dhcpcsvc.DLL
[0922/210120.414:ERROR:process_memory_win.cc(73)] ReadMemory at 0x1b986830000 of 64 bytes failed: Only part of a ReadProcessMemory or WriteProcessMemory request was completed. (0x12B)
[0922/210120.414:WARNING:pe_image_reader.cc(340)] could not read dos header from C:\WINDOWS\System32\NSI.dll
[0922/210120.414:ERROR:process_memory_win.cc(73)] ReadMemory at 0x7ffa00820000 of 64 bytes failed: Only part of a ReadProcessMemory or WriteProcessMemory request was completed. (0x12B)
[0922/210120.414:WARNING:pe_image_reader.cc(340)] could not read dos header from C:\WINDOWS\SYSTEM32\WINMMBASE.dll
[0922/210120.414:ERROR:process_memory_win.cc(73)] ReadMemory at 0x7ffa03770000 of 64 bytes failed: Only part of a ReadProcessMemory or WriteProcessMemory request was completed. (0x12B)
[0922/210120.414:WARNING:pe_image_reader.cc(340)] could not read dos header from C:\WINDOWS\System32\cfgmgr32.dll
[0922/210120.414:ERROR:process_memory_win.cc(73)] ReadMemory at 0x7ff9ffcd0000 of 64 bytes failed: Only part of a ReadProcessMemory or WriteProcessMemory request was completed. (0x12B)
[0922/210120.414:WARNING:pe_image_reader.cc(340)] could not read dos header from C:\WINDOWS\SYSTEM32\PROPSYS.dll
[0922/210120.414:ERROR:process_memory_win.cc(73)] ReadMemory at 0x7ffa05350000 of 64 bytes failed: Only part of a ReadProcessMemory or WriteProcessMemory request was completed. (0x12B)
[0922/210120.414:WARNING:pe_image_reader.cc(340)] could not read dos header from C:\WINDOWS\System32\shcore.dll
[0922/210120.414:ERROR:process_memory_win.cc(73)] ReadMemory at 0x7ffa03220000 of 64 bytes failed: Only part of a ReadProcessMemory or WriteProcessMemory request was completed. (0x12B)
[0922/210120.414:WARNING:pe_image_reader.cc(340)] could not read dos header from C:\WINDOWS\SYSTEM32\SSPICLI.DLL
[0922/210120.414:ERROR:process_memory_win.cc(73)] ReadMemory at 0x7ffa02d00000 of 64 bytes failed: Only part of a ReadProcessMemory or WriteProcessMemory request was completed. (0x12B)
[0922/210120.414:WARNING:pe_image_reader.cc(340)] could not read dos header from C:\WINDOWS\SYSTEM32\CRYPTBASE.DLL
[0922/210120.455:ERROR:process_memory_win.cc(73)] ReadMemory at 0x974aded000 of 77824 bytes failed: Only part of a ReadProcessMemory or WriteProcessMemory request was completed. (0x12B)
[0922/210120.455:ERROR:process_memory_win.cc(73)] ReadMemory at 0x974b5fd000 of 12288 bytes failed: Only part of a ReadProcessMemory or WriteProcessMemory request was completed. (0x12B)
[0922/210120.455:ERROR:process_memory_win.cc(73)] ReadMemory at 0x974c5fd000 of 12288 bytes failed: Only part of a ReadProcessMemory or WriteProcessMemory request was completed. (0x12B)
[0922/210120.455:ERROR:process_memory_win.cc(73)] ReadMemory at 0x974cdfc000 of 16384 bytes failed: Only part of a ReadProcessMemory or WriteProcessMemory request was completed. (0x12B)
[0922/210120.456:ERROR:process_memory_win.cc(73)] ReadMemory at 0x974d5fe000 of 8192 bytes failed: Only part of a ReadProcessMemory or WriteProcessMemory request was completed. (0x12B)
[0922/210120.456:ERROR:process_memory_win.cc(73)] ReadMemory at 0x974ddfc000 of 16384 bytes failed: Only part of a ReadProcessMemory or WriteProcessMemory request was completed. (0x12B)
[0922/210120.456:ERROR:process_memory_win.cc(73)] ReadMemory at 0x974e5fc000 of 16384 bytes failed: Only part of a ReadProcessMemory or WriteProcessMemory request was completed. (0x12B)
[0922/210120.456:ERROR:process_memory_win.cc(73)] ReadMemory at 0x974f5fd000 of 12288 bytes failed: Only part of a ReadProcessMemory or WriteProcessMemory request was completed. (0x12B)
[0922/210120.456:ERROR:process_memory_win.cc(73)] ReadMemory at 0x974fdfa000 of 24576 bytes failed: Only part of a ReadProcessMemory or WriteProcessMemory request was completed. (0x12B)
[0922/210120.456:ERROR:process_memory_win.cc(73)] ReadMemory at 0x97505fa000 of 24576 bytes failed: Only part of a ReadProcessMemory or WriteProcessMemory request was completed. (0x12B)
[0922/210120.456:ERROR:process_memory_win.cc(73)] ReadMemory at 0x9750dfb000 of 20480 bytes failed: Only part of a ReadProcessMemory or WriteProcessMemory request was completed. (0x12B)
[0922/210120.456:ERROR:process_memory_win.cc(73)] ReadMemory at 0x974bdfd000 of 12288 bytes failed: Only part of a ReadProcessMemory or WriteProcessMemory request was completed. (0x12B)
[0922/210120.457:ERROR:process_memory_win.cc(73)] ReadMemory at 0x97515fd000 of 12288 bytes failed: Only part of a ReadProcessMemory or WriteProcessMemory request was completed. (0x12B)
[0922/210120.457:ERROR:process_memory_win.cc(73)] ReadMemory at 0x974edfe000 of 8192 bytes failed: Only part of a ReadProcessMemory or WriteProcessMemory request was completed. (0x12B)
[0922/210120.457:ERROR:process_memory_win.cc(73)] ReadMemory at 0x974a43d000 of 852 bytes failed: Only part of a ReadProcessMemory or WriteProcessMemory request was completed. (0x12B)
[0922/210120.457:ERROR:process_memory_win.cc(73)] ReadMemory at 0x974a43e000 of 6024 bytes failed: Only part of a ReadProcessMemory or WriteProcessMemory request was completed. (0x12B)
[0922/210120.457:ERROR:process_memory_win.cc(73)] ReadMemory at 0x974a440000 of 6024 bytes failed: Only part of a ReadProcessMemory or WriteProcessMemory request was completed. (0x12B)
[0922/210120.457:ERROR:process_memory_win.cc(73)] ReadMemory at 0x974a444000 of 6024 bytes failed: Only part of a ReadProcessMemory or WriteProcessMemory request was completed. (0x12B)
[0922/210120.457:ERROR:process_memory_win.cc(73)] ReadMemory at 0x974a446000 of 6024 bytes failed: Only part of a ReadProcessMemory or WriteProcessMemory request was completed. (0x12B)
[0922/210120.457:ERROR:process_memory_win.cc(73)] ReadMemory at 0x974a448000 of 6024 bytes failed: Only part of a ReadProcessMemory or WriteProcessMemory request was completed. (0x12B)
[0922/210120.458:ERROR:process_memory_win.cc(73)] ReadMemory at 0x974a44a000 of 6024 bytes failed: Only part of a ReadProcessMemory or WriteProcessMemory request was completed. (0x12B)
[0922/210120.458:ERROR:process_memory_win.cc(73)] ReadMemory at 0x974a44c000 of 6024 bytes failed: Only part of a ReadProcessMemory or WriteProcessMemory request was completed. (0x12B)
[0922/210120.458:ERROR:process_memory_win.cc(73)] ReadMemory at 0x974a450000 of 6024 bytes failed: Only part of a ReadProcessMemory or WriteProcessMemory request was completed. (0x12B)
[0922/210120.458:ERROR:process_memory_win.cc(73)] ReadMemory at 0x974a452000 of 6024 bytes failed: Only part of a ReadProcessMemory or WriteProcessMemory request was completed. (0x12B)
[0922/210120.458:ERROR:process_memory_win.cc(73)] ReadMemory at 0x974a454000 of 6024 bytes failed: Only part of a ReadProcessMemory or WriteProcessMemory request was completed. (0x12B)
[0922/210120.458:ERROR:process_memory_win.cc(73)] ReadMemory at 0x974a456000 of 6024 bytes failed: Only part of a ReadProcessMemory or WriteProcessMemory request was completed. (0x12B)
[0922/210120.458:ERROR:process_memory_win.cc(73)] ReadMemory at 0x974a45c000 of 6024 bytes failed: Only part of a ReadProcessMemory or WriteProcessMemory request was completed. (0x12B)
[0922/210120.458:ERROR:process_memory_win.cc(73)] ReadMemory at 0x974a46e000 of 6024 bytes failed: Only part of a ReadProcessMemory or WriteProcessMemory request was completed. (0x12B)
[0922/210120.458:ERROR:process_memory_win.cc(73)] ReadMemory at 0x974a472000 of 6024 bytes failed: Only part of a ReadProcessMemory or WriteProcessMemory request was completed. (0x12B)
[0922/210120.459:ERROR:process_memory_win.cc(73)] ReadMemory at 0x1b986600000 of 384 bytes failed: Only part of a ReadProcessMemory or WriteProcessMemory request was completed. (0x12B)
[0922/210120.459:ERROR:process_memory_win.cc(73)] ReadMemory at 0x1b986600fe0 of 19768 bytes failed: Only part of a ReadProcessMemory or WriteProcessMemory request was completed. (0x12B)
[0922/210120.459:ERROR:process_memory_win.cc(73)] ReadMemory at 0x1b986605d20 of 1012 bytes failed: Only part of a ReadProcessMemory or WriteProcessMemory request was completed. (0x12B)
[0922/210120.459:ERROR:process_memory_win.cc(73)] ReadMemory at 0x1b986606368 of 118 bytes failed: Only part of a ReadProcessMemory or WriteProcessMemory request was completed. (0x12B)
[0922/210120.459:ERROR:process_memory_win.cc(73)] ReadMemory at 0x1b9866063e0 of 752 bytes failed: Only part of a ReadProcessMemory or WriteProcessMemory request was completed. (0x12B)
[0922/210120.459:ERROR:process_memory_win.cc(73)] ReadMemory at 0x1b9866066d2 of 118 bytes failed: Only part of a ReadProcessMemory or WriteProcessMemory request was completed. (0x12B)
[0922/210120.459:ERROR:process_memory_win.cc(73)] ReadMemory at 0x1b98660674a of 102 bytes failed: Only part of a ReadProcessMemory or WriteProcessMemory request was completed. (0x12B)
[0922/210120.459:ERROR:process_memory_win.cc(73)] ReadMemory at 0x1b9866067c0 of 58 bytes failed: Only part of a ReadProcessMemory or WriteProcessMemory request was completed. (0x12B)
[0922/210120.459:ERROR:process_memory_win.cc(73)] ReadMemory at 0x1b9866068c0 of 132 bytes failed: Only part of a ReadProcessMemory or WriteProcessMemory request was completed. (0x12B)
[0922/210120.459:ERROR:process_memory_win.cc(73)] ReadMemory at 0x1b986606a50 of 132 bytes failed: Only part of a ReadProcessMemory or WriteProcessMemory request was completed. (0x12B)
[0922/210120.459:ERROR:process_memory_win.cc(73)] ReadMemory at 0x1b986606c10 of 126 bytes failed: Only part of a ReadProcessMemory or WriteProcessMemory request was completed. (0x12B)
[0922/210120.460:ERROR:process_memory_win.cc(73)] ReadMemory at 0x1b986606ff0 of 132 bytes failed: Only part of a ReadProcessMemory or WriteProcessMemory request was completed. (0x12B)
[0922/210120.460:ERROR:process_memory_win.cc(73)] ReadMemory at 0x1b986607180 of 64 bytes failed: Only part of a ReadProcessMemory or WriteProcessMemory request was completed. (0x12B)
[0922/210120.460:ERROR:process_memory_win.cc(73)] ReadMemory at 0x1b986607340 of 132 bytes failed: Only part of a ReadProcessMemory or WriteProcessMemory request was completed. (0x12B)
[0922/210120.460:ERROR:process_memory_win.cc(73)] ReadMemory at 0x1b9866075e0 of 132 bytes failed: Only part of a ReadProcessMemory or WriteProcessMemory request was completed. (0x12B)
[0922/210120.460:ERROR:process_memory_win.cc(73)] ReadMemory at 0x1b986607770 of 68 bytes failed: Only part of a ReadProcessMemory or WriteProcessMemory request was completed. (0x12B)
[0922/210120.460:ERROR:process_memory_win.cc(73)] ReadMemory at 0x1b986608840 of 132 bytes failed: Only part of a ReadProcessMemory or WriteProcessMemory request was completed. (0x12B)
[0922/210120.460:ERROR:process_memory_win.cc(73)] ReadMemory at 0x1b9866089d0 of 154 bytes failed: Only part of a ReadProcessMemory or WriteProcessMemory request was completed. (0x12B)
[0922/210120.460:ERROR:process_memory_win.cc(73)] ReadMemory at 0x1b9866098b0 of 62 bytes failed: Only part of a ReadProcessMemory or WriteProcessMemory request was completed. (0x12B)
[0922/210120.460:ERROR:process_memory_win.cc(73)] ReadMemory at 0x1b986609a10 of 132 bytes failed: Only part of a ReadProcessMemory or WriteProcessMemory request was completed. (0x12B)
[0922/210120.460:ERROR:process_memory_win.cc(73)] ReadMemory at 0x1b986609ba0 of 60 bytes failed: Only part of a ReadProcessMemory or WriteProcessMemory request was completed. (0x12B)
[0922/210120.460:ERROR:process_memory_win.cc(73)] ReadMemory at 0x1b9866191b0 of 60 bytes failed: Only part of a ReadProcessMemory or WriteProcessMemory request was completed. (0x12B)
[0922/210120.461:ERROR:process_memory_win.cc(73)] ReadMemory at 0x1b9866192f0 of 64 bytes failed: Only part of a ReadProcessMemory or WriteProcessMemory request was completed. (0x12B)
[0922/210120.461:ERROR:process_memory_win.cc(73)] ReadMemory at 0x1b986619340 of 66 bytes failed: Only part of a ReadProcessMemory or WriteProcessMemory request was completed. (0x12B)
[0922/210120.461:ERROR:process_memory_win.cc(73)] ReadMemory at 0x1b986619480 of 62 bytes failed: Only part of a ReadProcessMemory or WriteProcessMemory request was completed. (0x12B)
[0922/210120.462:ERROR:process_memory_win.cc(73)] ReadMemory at 0x1b9866194d0 of 62 bytes failed: Only part of a ReadProcessMemory or WriteProcessMemory request was completed. (0x12B)
[0922/210120.462:ERROR:process_memory_win.cc(73)] ReadMemory at 0x1b9866195c0 of 64 bytes failed: Only part of a ReadProcessMemory or WriteProcessMemory request was completed. (0x12B)
[0922/210120.462:ERROR:process_memory_win.cc(73)] ReadMemory at 0x1b9866196b0 of 64 bytes failed: Only part of a ReadProcessMemory or WriteProcessMemory request was completed. (0x12B)
[0922/210120.462:ERROR:process_memory_win.cc(73)] ReadMemory at 0x1b986619700 of 60 bytes failed: Only part of a ReadProcessMemory or WriteProcessMemory request was completed. (0x12B)
[0922/210120.462:ERROR:process_memory_win.cc(73)] ReadMemory at 0x1b986619750 of 62 bytes failed: Only part of a ReadProcessMemory or WriteProcessMemory request was completed. (0x12B)
[0922/210120.462:ERROR:process_memory_win.cc(73)] ReadMemory at 0x1b9866197a0 of 64 bytes failed: Only part of a ReadProcessMemory or WriteProcessMemory request was completed. (0x12B)
[0922/210120.462:ERROR:process_memory_win.cc(73)] ReadMemory at 0x1b986619890 of 64 bytes failed: Only part of a ReadProcessMemory or WriteProcessMemory request was completed. (0x12B)
[0922/210120.462:ERROR:process_memory_win.cc(73)] ReadMemory at 0x1b986619cf0 of 60 bytes failed: Only part of a ReadProcessMemory or WriteProcessMemory request was completed. (0x12B)
[0922/210120.462:ERROR:process_memory_win.cc(73)] ReadMemory at 0x1b98661af00 of 54 bytes failed: Only part of a ReadProcessMemory or WriteProcessMemory request was completed. (0x12B)
[0922/210120.462:ERROR:process_memory_win.cc(73)] ReadMemory at 0x1b98661cc00 of 80 bytes failed: Only part of a ReadProcessMemory or WriteProcessMemory request was completed. (0x12B)
[0922/210120.462:ERROR:process_memory_win.cc(73)] ReadMemory at 0x1b98661e800 of 132 bytes failed: Only part of a ReadProcessMemory or WriteProcessMemory request was completed. (0x12B)
[0922/210120.462:ERROR:process_memory_win.cc(73)] ReadMemory at 0x1b98661eba0 of 132 bytes failed: Only part of a ReadProcessMemory or WriteProcessMemory request was completed. (0x12B)
[0922/210120.462:ERROR:process_memory_win.cc(73)] ReadMemory at 0x1b98661eef0 of 132 bytes failed: Only part of a ReadProcessMemory or WriteProcessMemory request was completed. (0x12B)
[0922/210120.462:ERROR:process_memory_win.cc(73)] ReadMemory at 0x1b98661f250 of 132 bytes failed: Only part of a ReadProcessMemory or WriteProcessMemory request was completed. (0x12B)
[0922/210120.462:ERROR:process_memory_win.cc(73)] ReadMemory at 0x1b98661f380 of 132 bytes failed: Only part of a ReadProcessMemory or WriteProcessMemory request was completed. (0x12B)
[0922/210120.462:ERROR:process_memory_win.cc(73)] ReadMemory at 0x1b98661f670 of 132 bytes failed: Only part of a ReadProcessMemory or WriteProcessMemory request was completed. (0x12B)
[0922/210120.462:ERROR:process_memory_win.cc(73)] ReadMemory at 0x1b98661f7f0 of 132 bytes failed: Only part of a ReadProcessMemory or WriteProcessMemory request was completed. (0x12B)
[0922/210120.462:ERROR:process_memory_win.cc(73)] ReadMemory at 0x1b98661f920 of 132 bytes failed: Only part of a ReadProcessMemory or WriteProcessMemory request was completed. (0x12B)
[0922/210120.462:ERROR:process_memory_win.cc(73)] ReadMemory at 0x1b98661fa50 of 132 bytes failed: Only part of a ReadProcessMemory or WriteProcessMemory request was completed. (0x12B)
[0922/210120.462:ERROR:process_memory_win.cc(73)] ReadMemory at 0x1b98661fb80 of 132 bytes failed: Only part of a ReadProcessMemory or WriteProcessMemory request was completed. (0x12B)
[0922/210120.462:ERROR:process_memory_win.cc(73)] ReadMemory at 0x1b98661fcb0 of 132 bytes failed: Only part of a ReadProcessMemory or WriteProcessMemory request was completed. (0x12B)
[0922/210120.462:ERROR:process_memory_win.cc(73)] ReadMemory at 0x1b98661ff10 of 132 bytes failed: Only part of a ReadProcessMemory or WriteProcessMemory request was completed. (0x12B)
[0922/210120.462:ERROR:process_memory_win.cc(73)] ReadMemory at 0x1b9866209c0 of 132 bytes failed: Only part of a ReadProcessMemory or WriteProcessMemory request was completed. (0x12B)
[0922/210120.462:ERROR:process_memory_win.cc(73)] ReadMemory at 0x1b986620af0 of 132 bytes failed: Only part of a ReadProcessMemory or WriteProcessMemory request was completed. (0x12B)
[0922/210120.462:ERROR:process_memory_win.cc(73)] ReadMemory at 0x1b986620c20 of 132 bytes failed: Only part of a ReadProcessMemory or WriteProcessMemory request was completed. (0x12B)
[0922/210120.462:ERROR:process_memory_win.cc(73)] ReadMemory at 0x1b986621340 of 132 bytes failed: Only part of a ReadProcessMemory or WriteProcessMemory request was completed. (0x12B)
[0922/210120.462:ERROR:process_memory_win.cc(73)] ReadMemory at 0x1b986621800 of 64 bytes failed: Only part of a ReadProcessMemory or WriteProcessMemory request was completed. (0x12B)
[0922/210120.462:ERROR:process_memory_win.cc(73)] ReadMemory at 0x1b9866218a0 of 66 bytes failed: Only part of a ReadProcessMemory or WriteProcessMemory request was completed. (0x12B)
[0922/210120.462:ERROR:process_memory_win.cc(73)] ReadMemory at 0x1b986621990 of 64 bytes failed: Only part of a ReadProcessMemory or WriteProcessMemory request was completed. (0x12B)
[0922/210120.462:ERROR:process_memory_win.cc(73)] ReadMemory at 0x1b986621a30 of 62 bytes failed: Only part of a ReadProcessMemory or WriteProcessMemory request was completed. (0x12B)
[0922/210120.462:ERROR:process_memory_win.cc(73)] ReadMemory at 0x1b986621ad0 of 64 bytes failed: Only part of a ReadProcessMemory or WriteProcessMemory request was completed. (0x12B)
[0922/210120.462:ERROR:process_memory_win.cc(73)] ReadMemory at 0x1b986621b70 of 62 bytes failed: Only part of a ReadProcessMemory or WriteProcessMemory request was completed. (0x12B)
[0922/210120.462:ERROR:process_memory_win.cc(73)] ReadMemory at 0x1b986621c10 of 62 bytes failed: Only part of a ReadProcessMemory or WriteProcessMemory request was completed. (0x12B)
[0922/210120.462:ERROR:process_memory_win.cc(73)] ReadMemory at 0x1b986621e40 of 62 bytes failed: Only part of a ReadProcessMemory or WriteProcessMemory request was completed. (0x12B)
[0922/210120.462:ERROR:process_memory_win.cc(73)] ReadMemory at 0x1b986621f80 of 62 bytes failed: Only part of a ReadProcessMemory or WriteProcessMemory request was completed. (0x12B)
[0922/210120.462:ERROR:process_memory_win.cc(73)] ReadMemory at 0x1b9866220c0 of 62 bytes failed: Only part of a ReadProcessMemory or WriteProcessMemory request was completed. (0x12B)
[0922/210120.462:ERROR:process_memory_win.cc(73)] ReadMemory at 0x1b986622110 of 60 bytes failed: Only part of a ReadProcessMemory or WriteProcessMemory request was completed. (0x12B)
[0922/210120.462:ERROR:process_memory_win.cc(73)] ReadMemory at 0x1b986622160 of 62 bytes failed: Only part of a ReadProcessMemory or WriteProcessMemory request was completed. (0x12B)
[0922/210120.462:ERROR:process_memory_win.cc(73)] ReadMemory at 0x1b986622430 of 58 bytes failed: Only part of a ReadProcessMemory or WriteProcessMemory request was completed. (0x12B)
[0922/210120.462:ERROR:process_memory_win.cc(73)] ReadMemory at 0x1b986622480 of 60 bytes failed: Only part of a ReadProcessMemory or WriteProcessMemory request was completed. (0x12B)
[0922/210120.462:ERROR:process_memory_win.cc(73)] ReadMemory at 0x1b986622750 of 60 bytes failed: Only part of a ReadProcessMemory or WriteProcessMemory request was completed. (0x12B)
[0922/210120.462:ERROR:process_memory_win.cc(73)] ReadMemory at 0x1b986625fa0 of 76 bytes failed: Only part of a ReadProcessMemory or WriteProcessMemory request was completed. (0x12B)
[0922/210120.462:ERROR:process_memory_win.cc(73)] ReadMemory at 0x1b986626480 of 80 bytes failed: Only part of a ReadProcessMemory or WriteProcessMemory request was completed. (0x12B)
[0922/210120.462:ERROR:process_memory_win.cc(73)] ReadMemory at 0x1b986627780 of 132 bytes failed: Only part of a ReadProcessMemory or WriteProcessMemory request was completed. (0x12B)
[0922/210120.462:ERROR:process_memory_win.cc(73)] ReadMemory at 0x1b986627e10 of 146 bytes failed: Only part of a ReadProcessMemory or WriteProcessMemory request was completed. (0x12B)
[0922/210120.462:ERROR:process_memory_win.cc(73)] ReadMemory at 0x1b986628fa0 of 132 bytes failed: Only part of a ReadProcessMemory or WriteProcessMemory request was completed. (0x12B)
[0922/210120.462:ERROR:process_memory_win.cc(73)] ReadMemory at 0x1b986629300 of 132 bytes failed: Only part of a ReadProcessMemory or WriteProcessMemory request was completed. (0x12B)
[0922/210120.462:ERROR:process_memory_win.cc(73)] ReadMemory at 0x1b986629510 of 132 bytes failed: Only part of a ReadProcessMemory or WriteProcessMemory request was completed. (0x12B)
[0922/210120.462:ERROR:process_memory_win.cc(73)] ReadMemory at 0x1b98662cfe0 of 132 bytes failed: Only part of a ReadProcessMemory or WriteProcessMemory request was completed. (0x12B)
[0922/210120.462:ERROR:process_memory_win.cc(73)] ReadMemory at 0x1b98662d110 of 132 bytes failed: Only part of a ReadProcessMemory or WriteProcessMemory request was completed. (0x12B)
[0922/210120.462:ERROR:process_memory_win.cc(73)] ReadMemory at 0x1b98662d240 of 132 bytes failed: Only part of a ReadProcessMemory or WriteProcessMemory request was completed. (0x12B)
[0922/210120.462:ERROR:process_memory_win.cc(73)] ReadMemory at 0x1b98662d370 of 132 bytes failed: Only part of a ReadProcessMemory or WriteProcessMemory request was completed. (0x12B)
[0922/210120.462:ERROR:process_memory_win.cc(73)] ReadMemory at 0x1b98662d4a0 of 132 bytes failed: Only part of a ReadProcessMemory or WriteProcessMemory request was completed. (0x12B)
[0922/210120.462:ERROR:process_memory_win.cc(73)] ReadMemory at 0x1b98662d700 of 132 bytes failed: Only part of a ReadProcessMemory or WriteProcessMemory request was completed. (0x12B)
[0922/210120.462:ERROR:process_memory_win.cc(73)] ReadMemory at 0x1b98662d830 of 132 bytes failed: Only part of a ReadProcessMemory or WriteProcessMemory request was completed. (0x12B)
[0922/210120.462:ERROR:process_memory_win.cc(73)] ReadMemory at 0x1b98662d960 of 132 bytes failed: Only part of a ReadProcessMemory or WriteProcessMemory request was completed. (0x12B)
[0922/210120.462:ERROR:process_memory_win.cc(73)] ReadMemory at 0x1b98662da90 of 132 bytes failed: Only part of a ReadProcessMemory or WriteProcessMemory request was completed. (0x12B)
[0922/210120.462:ERROR:process_memory_win.cc(73)] ReadMemory at 0x1b98662dbc0 of 132 bytes failed: Only part of a ReadProcessMemory or WriteProcessMemory request was completed. (0x12B)
[0922/210120.462:ERROR:process_memory_win.cc(73)] ReadMemory at 0x1b98662dcf0 of 132 bytes failed: Only part of a ReadProcessMemory or WriteProcessMemory request was completed. (0x12B)
[0922/210120.462:ERROR:process_memory_win.cc(73)] ReadMemory at 0x1b98662de20 of 132 bytes failed: Only part of a ReadProcessMemory or WriteProcessMemory request was completed. (0x12B)
[0922/210120.462:ERROR:process_memory_win.cc(73)] ReadMemory at 0x1b986697ab0 of 512 bytes failed: Only part of a ReadProcessMemory or WriteProcessMemory request was completed. (0x12B)
[0922/210120.462:ERROR:process_memory_win.cc(73)] ReadMemory at 0x1b98669f050 of 512 bytes failed: Only part of a ReadProcessMemory or WriteProcessMemory request was completed. (0x12B)
[0922/210120.462:ERROR:process_memory_win.cc(73)] ReadMemory at 0x1b9866a3e50 of 512 bytes failed: Only part of a ReadProcessMemory or WriteProcessMemory request was completed. (0x12B)
[0922/210120.462:ERROR:process_memory_win.cc(73)] ReadMemory at 0x1b9866a44d0 of 512 bytes failed: Only part of a ReadProcessMemory or WriteProcessMemory request was completed. (0x12B)
[0922/210120.462:ERROR:process_memory_win.cc(73)] ReadMemory at 0x1b9866b6a80 of 512 bytes failed: Only part of a ReadProcessMemory or WriteProcessMemory request was completed. (0x12B)
[0922/210120.462:ERROR:process_memory_win.cc(73)] ReadMemory at 0x1b9866b7a40 of 512 bytes failed: Only part of a ReadProcessMemory or WriteProcessMemory request was completed. (0x12B)
[0922/210120.462:ERROR:process_memory_win.cc(73)] ReadMemory at 0x1b9866c9a70 of 712 bytes failed: Only part of a ReadProcessMemory or WriteProcessMemory request was completed. (0x12B)
[0922/210120.462:ERROR:process_memory_win.cc(73)] ReadMemory at 0x1b988000000 of 384 bytes failed: Only part of a ReadProcessMemory or WriteProcessMemory request was completed. (0x12B)
[0922/210120.462:ERROR:process_memory_win.cc(73)] ReadMemory at 0x1b9880085b4 of 526 bytes failed: Only part of a ReadProcessMemory or WriteProcessMemory request was completed. (0x12B)
[0922/210120.462:ERROR:process_memory_win.cc(73)] ReadMemory at 0x1b98800fce4 of 512 bytes failed: Only part of a ReadProcessMemory or WriteProcessMemory request was completed. (0x12B)
[0922/210120.462:ERROR:process_memory_win.cc(73)] ReadMemory at 0x1b98dc738f0 of 512 bytes failed: Only part of a ReadProcessMemory or WriteProcessMemory request was completed. (0x12B)
[0922/210120.462:ERROR:process_memory_win.cc(73)] ReadMemory at 0x1b98e6107a0 of 528 bytes failed: Only part of a ReadProcessMemory or WriteProcessMemory request was completed. (0x12B)
[0922/210120.462:ERROR:process_memory_win.cc(73)] ReadMemory at 0x1b99dcb9510 of 512 bytes failed: Only part of a ReadProcessMemory or WriteProcessMemory request was completed. (0x12B)
[0922/210120.462:ERROR:process_memory_win.cc(73)] ReadMemory at 0x16400b145230 of 512 bytes failed: Only part of a ReadProcessMemory or WriteProcessMemory request was completed. (0x12B)
[0922/210120.462:ERROR:process_memory_win.cc(73)] ReadMemory at 0x7ff9d8365160 of 512 bytes failed: Only part of a ReadProcessMemory or WriteProcessMemory request was completed. (0x12B)
[0922/210120.462:ERROR:process_memory_win.cc(73)] ReadMemory at 0x7ff9d8365867 of 512 bytes failed: Only part of a ReadProcessMemory or WriteProcessMemory request was completed. (0x12B)
[0922/210120.462:ERROR:process_memory_win.cc(73)] ReadMemory at 0x7ffa051b1f80 of 512 bytes failed: Only part of a ReadProcessMemory or WriteProcessMemory request was completed. (0x12B)
[0922/210120.462:ERROR:process_memory_win.cc(73)] ReadMemory at 0x7ffa064c0753 of 512 bytes failed: Only part of a ReadProcessMemory or WriteProcessMemory request was completed. (0x12B)
[0922/210120.462:ERROR:process_memory_win.cc(73)] ReadMemory at 0x7ffa0651c074 of 672 bytes failed: Only part of a ReadProcessMemory or WriteProcessMemory request was completed. (0x12B)
[0922/210120.462:ERROR:process_memory_win.cc(73)] ReadMemory at 0x7ffa0651f924 of 608 bytes failed: Only part of a ReadProcessMemory or WriteProcessMemory request was completed. (0x12B)
[0922/210120.462:ERROR:process_memory_win.cc(73)] ReadMemory at 0x7ffa065ac428 of 18 bytes failed: Only part of a ReadProcessMemory or WriteProcessMemory request was completed. (0x12B)
[0922/210120.462:ERROR:process_memory_win.cc(73)] ReadMemory at 0x7ffa065df4f8 of 40 bytes failed: Only part of a ReadProcessMemory or WriteProcessMemory request was completed. (0x12B)
[0922/210120.462:ERROR:process_memory_win.cc(73)] ReadMemory at 0x7ffa065df978 of 48 bytes failed: Only part of a ReadProcessMemory or WriteProcessMemory request was completed. (0x12B)
[0922/210120.462:ERROR:process_memory_win.cc(73)] ReadMemory at 0x7ffa065e53c0 of 64 bytes failed: Only part of a ReadProcessMemory or WriteProcessMemory request was completed. (0x12B)
[0922/210120.513:ERROR:scoped_process_suspend.cc(40)] NtResumeProcess: An attempt was made to access an exiting process. (0xc000010a)
